<?xml version="1.0" encoding="UTF-8"?>
<testng-results skipped="0" failed="0" total="0" passed="0">
  <reporter-output>
  </reporter-output>
  <suite name="com.cucumber.scripts.Test" duration-ms="0" started-at="2018-03-22T10:22:18Z" finished-at="2018-03-22T10:22:18Z">
    <groups>
    </groups>
    <test name="Command line test" duration-ms="0" started-at="2018-03-22T10:22:18Z" finished-at="2018-03-22T10:22:18Z">
    </test> <!-- Command line test -->
  </suite> <!-- com.cucumber.scripts.Test -->
</testng-results>
